Using pre-set license

 COMMAND LINE ARGUMENTS:
/Applications/Unity/Hub/Editor/2020.3.5f1/Unity.app/Contents/MacOS/Unity
-adb2
-batchMode
-noUpm
-name
AssetImportWorker0
-projectPath
/Users/katayamashunsuke/code/Boids
-logFile
Logs/AssetImportWorker0.log
-srvPort
60210
Successfully changed project path to: /Users/katayamashunsuke/code/Boids
/Users/katayamashunsuke/code/Boids
Using Asset Import Pipeline V2.
Refreshing native plugins compatible for Editor in 29.66 ms, found 1 plugins.
Preloading 0 native plugins for Editor in 0.00 ms.
Initialize engine version: 2020.3.5f1 (8095aa901b9b)
[Subsystems] Discovering subsystems at path /Applications/Unity/Hub/Editor/2020.3.5f1/Unity.app/Contents/Resources/UnitySubsystems
[Subsystems] Discovering subsystems at path /Users/katayamashunsuke/code/Boids/Assets
GfxDevice: creating device client; threaded=0
2021-05-07 12:01:46.968 Unity[20225:533219] (null) preferred device: Apple M1 (high power)
2021-05-07 12:01:46.968 Unity[20225:533219] Metal devices available: 1
2021-05-07 12:01:46.968 Unity[20225:533219] 0: Apple M1 (high power)
2021-05-07 12:01:46.968 Unity[20225:533219] Using device Apple M1 (high power)
Initializing Metal device caps: Apple M1
Initialize mono
Mono path[0] = '/Applications/Unity/Hub/Editor/2020.3.5f1/Unity.app/Contents/Managed'
Mono path[1] = '/Applications/Unity/Hub/Editor/2020.3.5f1/Unity.app/Contents/MonoBleedingEdge/lib/mono/unityjit'
Mono config path = '/Applications/Unity/Hub/Editor/2020.3.5f1/Unity.app/Contents/MonoBleedingEdge/etc'
Using monoOptions --debugger-agent=transport=dt_socket,embedding=1,server=y,suspend=n,address=127.0.0.1:56225
Begin MonoManager ReloadAssembly
Registering precompiled unity dll's ...
Register platform support module: /Applications/Unity/Hub/Editor/2020.3.5f1/Unity.app/Contents/PlaybackEngines/MacStandaloneSupport/UnityEditor.OSXStandalone.Extensions.dll
Registered in 0.000355 seconds.
Native extension for OSXStandalone target not found
Refreshing native plugins compatible for Editor in 27.66 ms, found 1 plugins.
Preloading 0 native plugins for Editor in 0.00 ms.
Mono: successfully reloaded assembly
- Completed reload, in  1.614 seconds
Platform modules already initialized, skipping
Registering precompiled user dll's ...
Registered in 0.000670 seconds.
Begin MonoManager ReloadAssembly
Native extension for OSXStandalone target not found
Refreshing native plugins compatible for Editor in 0.33 ms, found 1 plugins.
Preloading 0 native plugins for Editor in 0.00 ms.
Mono: successfully reloaded assembly
- Completed reload, in  1.643 seconds
Platform modules already initialized, skipping
========================================================================
Worker process is ready to serve import requests
Launching external process: /Applications/Unity/Hub/Editor/2020.3.5f1/Unity.app/Contents/Tools/UnityShaderCompiler
Launched and connected shader compiler UnityShaderCompiler after 0.03 seconds
Refreshing native plugins compatible for Editor in 0.32 ms, found 1 plugins.
Preloading 0 native plugins for Editor in 0.00 ms.
Unloading 1401 Unused Serialized files (Serialized files now loaded: 0)
System memory in use before: 116.6 MB.
System memory in use after: 116.7 MB.

Unloading 33 unused Assets to reduce memory usage. Loaded Objects now: 1831.
Total: 2.114125 ms (FindLiveObjects: 0.242041 ms CreateObjectMapping: 0.029208 ms MarkObjects: 1.777959 ms  DeleteObjects: 0.064084 ms)

========================================================================
Received Import Request.
  path: Assets/Scripts/BoidCompute.compute
  artifactKey: Guid(c51b961c8b9d746f1a2f242fa7bf1a31) Importer(815301076,1909f56bfc062723c751e8b465ee728b)
Start importing Assets/Scripts/BoidCompute.compute using Guid(c51b961c8b9d746f1a2f242fa7bf1a31) Importer(815301076,1909f56bfc062723c751e8b465ee728b)  -> (artifact id: 'fd0a2836efbd23800247d4adf9374b72') in 0.415637 seconds
  Import took 0.417893 seconds .

========================================================================
Received Import Request.
  Time since last request: 0.000311 seconds.
  path: Assets/Scenes/Obstacles.unity
  artifactKey: Guid(3365374a128e344a3aaca42f38591138) Importer(815301076,1909f56bfc062723c751e8b465ee728b)
Start importing Assets/Scenes/Obstacles.unity using Guid(3365374a128e344a3aaca42f38591138) Importer(815301076,1909f56bfc062723c751e8b465ee728b)  -> (artifact id: '0c0a0467251cd083d0c42c73cee4ea97') in 0.001294 seconds
  Import took 0.002719 seconds .

========================================================================
Received Prepare
Registering precompiled user dll's ...
Registered in 0.005079 seconds.
Begin MonoManager ReloadAssembly
Native extension for OSXStandalone target not found
Refreshing native plugins compatible for Editor in 0.32 ms, found 1 plugins.
Preloading 0 native plugins for Editor in 0.00 ms.
Mono: successfully reloaded assembly
- Completed reload, in  1.496 seconds
Platform modules already initialized, skipping
Refreshing native plugins compatible for Editor in 0.30 ms, found 1 plugins.
Preloading 0 native plugins for Editor in 0.00 ms.
Unloading 1395 Unused Serialized files (Serialized files now loaded: 0)
System memory in use before: 120.9 MB.
System memory in use after: 121.0 MB.

Unloading 24 unused Assets to reduce memory usage. Loaded Objects now: 1834.
Total: 1.160000 ms (FindLiveObjects: 0.108500 ms CreateObjectMapping: 0.027958 ms MarkObjects: 1.006000 ms  DeleteObjects: 0.016875 ms)

========================================================================
Received Prepare
Registering precompiled user dll's ...
Registered in 0.000532 seconds.
Begin MonoManager ReloadAssembly
Native extension for OSXStandalone target not found
Refreshing native plugins compatible for Editor in 0.33 ms, found 1 plugins.
Preloading 0 native plugins for Editor in 0.00 ms.
Mono: successfully reloaded assembly
- Completed reload, in  1.409 seconds
Platform modules already initialized, skipping
Refreshing native plugins compatible for Editor in 0.24 ms, found 1 plugins.
Preloading 0 native plugins for Editor in 0.00 ms.
Unloading 1403 Unused Serialized files (Serialized files now loaded: 0)
System memory in use before: 121.3 MB.
System memory in use after: 121.4 MB.

Unloading 24 unused Assets to reduce memory usage. Loaded Objects now: 1845.
Total: 1.090458 ms (FindLiveObjects: 0.089709 ms CreateObjectMapping: 0.026666 ms MarkObjects: 0.954917 ms  DeleteObjects: 0.018542 ms)

========================================================================
Received Import Request.
  Time since last request: 232.681606 seconds.
  path: Assets/Prefabs/Boid.prefab
  artifactKey: Guid(a68eabc10bd1b4dcaa03efa0e2052ddb) Importer(815301076,1909f56bfc062723c751e8b465ee728b)
Start importing Assets/Prefabs/Boid.prefab using Guid(a68eabc10bd1b4dcaa03efa0e2052ddb) Importer(815301076,1909f56bfc062723c751e8b465ee728b)  -> (artifact id: '4ada34d068eb394a0a29df814056e6b6') in 0.628004 seconds
  Import took 0.630792 seconds .

========================================================================
Received Import Request.
  Time since last request: 0.000235 seconds.
  path: Assets/Prefabs/Spawner.prefab
  artifactKey: Guid(4cde6ba5a87074e8a973d577574f33c1) Importer(815301076,1909f56bfc062723c751e8b465ee728b)
Start importing Assets/Prefabs/Spawner.prefab using Guid(4cde6ba5a87074e8a973d577574f33c1) Importer(815301076,1909f56bfc062723c751e8b465ee728b)  -> (artifact id: 'e2a6c5c0a9e8a66d39680968af1d5207') in 0.006550 seconds
  Import took 0.008494 seconds .

========================================================================
Received Import Request.
  Time since last request: 12.407957 seconds.
  path: Assets/Materials/Black.mat
  artifactKey: Guid(17349ab0b272847bc86e069578a651ce) Importer(815301076,1909f56bfc062723c751e8b465ee728b)
Start importing Assets/Materials/Black.mat using Guid(17349ab0b272847bc86e069578a651ce) Importer(815301076,1909f56bfc062723c751e8b465ee728b)  -> (artifact id: 'bccd63f37877650a7fe4c839167ab00f') in 0.176095 seconds
  Import took 0.179079 seconds .

========================================================================
Received Import Request.
  Time since last request: 0.000206 seconds.
  path: Assets/Materials/Floor.mat
  artifactKey: Guid(16a190dddf88c435d85d4e56e49188b2) Importer(815301076,1909f56bfc062723c751e8b465ee728b)
Start importing Assets/Materials/Floor.mat using Guid(16a190dddf88c435d85d4e56e49188b2) Importer(815301076,1909f56bfc062723c751e8b465ee728b)  -> (artifact id: 'ed8517dbaa64dcc3f140276506b238c2') in 0.008830 seconds
  Import took 0.010502 seconds .

========================================================================
Received Import Request.
  Time since last request: 0.000200 seconds.
  path: Assets/Materials/Red.mat
  artifactKey: Guid(23f096854de6945adbbe9ce9eb225bf1) Importer(815301076,1909f56bfc062723c751e8b465ee728b)
Start importing Assets/Materials/Red.mat using Guid(23f096854de6945adbbe9ce9eb225bf1) Importer(815301076,1909f56bfc062723c751e8b465ee728b)  -> (artifact id: 'e537a153aa6238d9416e09b33db6b8ef') in 0.007508 seconds
  Import took 0.009146 seconds .

========================================================================
Received Import Request.
  Time since last request: 0.000218 seconds.
  path: Assets/Materials/Gold.mat
  artifactKey: Guid(3761d4e5cdb9e4d96be64b4aa0999d07) Importer(815301076,1909f56bfc062723c751e8b465ee728b)
Start importing Assets/Materials/Gold.mat using Guid(3761d4e5cdb9e4d96be64b4aa0999d07) Importer(815301076,1909f56bfc062723c751e8b465ee728b)  -> (artifact id: 'cc3295f9e78e766e284fc02fe4ae0105') in 0.007591 seconds
  Import took 0.009609 seconds .

========================================================================
Received Import Request.
  Time since last request: 0.000240 seconds.
  path: Assets/Materials/Boid.mat
  artifactKey: Guid(ee52bb0bbda6e4eb8a7251c7fd884b54) Importer(815301076,1909f56bfc062723c751e8b465ee728b)
Start importing Assets/Materials/Boid.mat using Guid(ee52bb0bbda6e4eb8a7251c7fd884b54) Importer(815301076,1909f56bfc062723c751e8b465ee728b)  -> (artifact id: '8ef37d525dac513c54bc4042d40c91b6') in 0.007919 seconds
  Import took 0.009756 seconds .

========================================================================
Received Import Request.
  Time since last request: 0.000184 seconds.
  path: Assets/Materials/Glass.mat
  artifactKey: Guid(6d8eb51893b834b9f80e30943c6902c6) Importer(815301076,1909f56bfc062723c751e8b465ee728b)
Start importing Assets/Materials/Glass.mat using Guid(6d8eb51893b834b9f80e30943c6902c6) Importer(815301076,1909f56bfc062723c751e8b465ee728b)  -> (artifact id: 'c887cad0619df18a3d193a313ffaa1c4') in 0.111657 seconds
  Import took 0.113270 seconds .

========================================================================
Received Import Request.
  Time since last request: 6.978822 seconds.
  path: Assets/Sardine/Prefabs
  artifactKey: Guid(9917c77c94a554eac881d72049f40dec) Importer(815301076,1909f56bfc062723c751e8b465ee728b)
Start importing Assets/Sardine/Prefabs using Guid(9917c77c94a554eac881d72049f40dec) Importer(815301076,1909f56bfc062723c751e8b465ee728b)  -> (artifact id: 'e9da4eb6b502920c5a8c1b188b60837a') in 0.001159 seconds
  Import took 0.004032 seconds .

========================================================================
Received Import Request.
  Time since last request: 0.057798 seconds.
  path: Assets/Sardine/Prefabs/SardineSkinWithDemoScript.prefab
  artifactKey: Guid(4111a63ec6a85c744a305e1dfd0869f9) Importer(815301076,1909f56bfc062723c751e8b465ee728b)
Start importing Assets/Sardine/Prefabs/SardineSkinWithDemoScript.prefab using Guid(4111a63ec6a85c744a305e1dfd0869f9) Importer(815301076,1909f56bfc062723c751e8b465ee728b)  -> (artifact id: '059968f1dba87ca22dd89629010d66d9') in 0.426081 seconds
  Import took 0.428920 seconds .

========================================================================
Received Import Request.
  Time since last request: 0.000311 seconds.
  path: Assets/Sardine/Prefabs/SardineSkinWithDemoScriptPOld.prefab
  artifactKey: Guid(698dd3e9e388f4f4c89aab6fe6cc62f2) Importer(815301076,1909f56bfc062723c751e8b465ee728b)
Start importing Assets/Sardine/Prefabs/SardineSkinWithDemoScriptPOld.prefab using Guid(698dd3e9e388f4f4c89aab6fe6cc62f2) Importer(815301076,1909f56bfc062723c751e8b465ee728b)  -> (artifact id: '1b1e918c1b526814098d441f58a9bd2a') in 0.003700 seconds
  Import took 0.005735 seconds .

========================================================================
Received Import Request.
  Time since last request: 0.000250 seconds.
  path: Assets/Sardine/Prefabs/TransparentSardine.prefab
  artifactKey: Guid(25b5b47424bc141e8b15026250321cb9) Importer(815301076,1909f56bfc062723c751e8b465ee728b)
Start importing Assets/Sardine/Prefabs/TransparentSardine.prefab using Guid(25b5b47424bc141e8b15026250321cb9) Importer(815301076,1909f56bfc062723c751e8b465ee728b)  -> (artifact id: 'cb38dbc60b9f557898230fb9c0df7237') in 0.003162 seconds
  Import took 0.005114 seconds .

========================================================================
Received Import Request.
  Time since last request: 84.432977 seconds.
  path: Assets/Sardine/Prefabs/SardineSkinWithDemoScript.prefab
  artifactKey: Guid(4111a63ec6a85c744a305e1dfd0869f9) Importer(815301076,1909f56bfc062723c751e8b465ee728b)
Start importing Assets/Sardine/Prefabs/SardineSkinWithDemoScript.prefab using Guid(4111a63ec6a85c744a305e1dfd0869f9) Importer(815301076,1909f56bfc062723c751e8b465ee728b)  -> (artifact id: '790f860674b882fe6ae763807fcc4ab8') in 0.018530 seconds
  Import took 0.021046 seconds .

========================================================================
Received Prepare
Registering precompiled user dll's ...
Registered in 0.001106 seconds.
Begin MonoManager ReloadAssembly
Native extension for OSXStandalone target not found
Refreshing native plugins compatible for Editor in 0.34 ms, found 1 plugins.
Preloading 0 native plugins for Editor in 0.00 ms.
Mono: successfully reloaded assembly
- Completed reload, in  1.462 seconds
Platform modules already initialized, skipping
Refreshing native plugins compatible for Editor in 0.29 ms, found 1 plugins.
Preloading 0 native plugins for Editor in 0.00 ms.
Unloading 1403 Unused Serialized files (Serialized files now loaded: 0)
System memory in use before: 148.1 MB.
System memory in use after: 148.2 MB.

Unloading 24 unused Assets to reduce memory usage. Loaded Objects now: 1890.
Total: 1.104000 ms (FindLiveObjects: 0.098833 ms CreateObjectMapping: 0.027959 ms MarkObjects: 0.950834 ms  DeleteObjects: 0.025625 ms)

========================================================================
Received Prepare
Registering precompiled user dll's ...
Registered in 0.001480 seconds.
Begin MonoManager ReloadAssembly
Native extension for OSXStandalone target not found
Refreshing native plugins compatible for Editor in 0.38 ms, found 1 plugins.
Preloading 0 native plugins for Editor in 0.00 ms.
Mono: successfully reloaded assembly
- Completed reload, in  1.531 seconds
Platform modules already initialized, skipping
Refreshing native plugins compatible for Editor in 0.34 ms, found 1 plugins.
Preloading 0 native plugins for Editor in 0.00 ms.
Unloading 1403 Unused Serialized files (Serialized files now loaded: 0)
System memory in use before: 148.3 MB.
System memory in use after: 148.4 MB.

Unloading 24 unused Assets to reduce memory usage. Loaded Objects now: 1893.
Total: 1.100375 ms (FindLiveObjects: 0.095541 ms CreateObjectMapping: 0.027834 ms MarkObjects: 0.961916 ms  DeleteObjects: 0.014542 ms)

========================================================================
Received Import Request.
  Time since last request: 909.321772 seconds.
  path: Assets/Prefabs/SardineSkinWithDemoScript.prefab
  artifactKey: Guid(a6cdd7331e4464753903b4469aed8062) Importer(815301076,1909f56bfc062723c751e8b465ee728b)
Start importing Assets/Prefabs/SardineSkinWithDemoScript.prefab using Guid(a6cdd7331e4464753903b4469aed8062) Importer(815301076,1909f56bfc062723c751e8b465ee728b)  -> (artifact id: 'add10b057e89310edfaa70452732a200') in 0.148809 seconds
  Import took 0.151595 seconds .

========================================================================
Received Prepare
Registering precompiled user dll's ...
Registered in 0.000740 seconds.
Begin MonoManager ReloadAssembly
Native extension for OSXStandalone target not found
Refreshing native plugins compatible for Editor in 0.34 ms, found 1 plugins.
Preloading 0 native plugins for Editor in 0.00 ms.
Mono: successfully reloaded assembly
- Completed reload, in  1.436 seconds
Platform modules already initialized, skipping
Refreshing native plugins compatible for Editor in 0.30 ms, found 1 plugins.
Preloading 0 native plugins for Editor in 0.00 ms.
Unloading 1403 Unused Serialized files (Serialized files now loaded: 0)
System memory in use before: 148.6 MB.
System memory in use after: 148.7 MB.

Unloading 24 unused Assets to reduce memory usage. Loaded Objects now: 1897.
Total: 1.076959 ms (FindLiveObjects: 0.096042 ms CreateObjectMapping: 0.026792 ms MarkObjects: 0.938834 ms  DeleteObjects: 0.014584 ms)

========================================================================
Received Import Request.
  Time since last request: 68.581616 seconds.
  path: Assets/Settings/Settings.asset
  artifactKey: Guid(fd4bc51c395304add92e7ac263cc6d3f) Importer(815301076,1909f56bfc062723c751e8b465ee728b)
Start importing Assets/Settings/Settings.asset using Guid(fd4bc51c395304add92e7ac263cc6d3f) Importer(815301076,1909f56bfc062723c751e8b465ee728b)  -> (artifact id: 'eeb3bedda04abc7991668f6fc545def7') in 0.107930 seconds
  Import took 0.109746 seconds .

========================================================================
Received Import Request.
  Time since last request: 0.268375 seconds.
  path: Assets/Scripts/Boid.cs
  artifactKey: Guid(c53657e503d7a4738b0a9fa634fc1b92) Importer(815301076,1909f56bfc062723c751e8b465ee728b)
Start importing Assets/Scripts/Boid.cs using Guid(c53657e503d7a4738b0a9fa634fc1b92) Importer(815301076,1909f56bfc062723c751e8b465ee728b)  -> (artifact id: '2c7286ba7f2ee967e1466366b83f1142') in 0.138702 seconds
  Import took 0.140658 seconds .

========================================================================
Received Import Request.
  Time since last request: 0.003514 seconds.
  path: Assets/Scripts/Boid.cs
  artifactKey: Guid(c53657e503d7a4738b0a9fa634fc1b92) Importer(815301076,1909f56bfc062723c751e8b465ee728b)
Start importing Assets/Scripts/Boid.cs using Guid(c53657e503d7a4738b0a9fa634fc1b92) Importer(815301076,1909f56bfc062723c751e8b465ee728b)  -> (artifact id: '2c7286ba7f2ee967e1466366b83f1142') in 0.000918 seconds
  Import took 0.002733 seconds .

========================================================================
Received Prepare
Registering precompiled user dll's ...
Registered in 0.000569 seconds.
Begin MonoManager ReloadAssembly
Native extension for OSXStandalone target not found
Refreshing native plugins compatible for Editor in 0.36 ms, found 1 plugins.
Preloading 0 native plugins for Editor in 0.00 ms.
Mono: successfully reloaded assembly
- Completed reload, in  1.516 seconds
Platform modules already initialized, skipping
Refreshing native plugins compatible for Editor in 0.34 ms, found 1 plugins.
Preloading 0 native plugins for Editor in 0.00 ms.
Unloading 1403 Unused Serialized files (Serialized files now loaded: 0)
System memory in use before: 157.2 MB.
System memory in use after: 157.3 MB.

Unloading 24 unused Assets to reduce memory usage. Loaded Objects now: 1900.
Total: 1.159708 ms (FindLiveObjects: 0.127625 ms CreateObjectMapping: 0.029291 ms MarkObjects: 0.983917 ms  DeleteObjects: 0.018084 ms)

========================================================================
Received Prepare
Registering precompiled user dll's ...
Registered in 0.000638 seconds.
Begin MonoManager ReloadAssembly
Native extension for OSXStandalone target not found
Refreshing native plugins compatible for Editor in 0.33 ms, found 1 plugins.
Preloading 0 native plugins for Editor in 0.00 ms.
Mono: successfully reloaded assembly
- Completed reload, in  1.460 seconds
Platform modules already initialized, skipping
Refreshing native plugins compatible for Editor in 0.32 ms, found 1 plugins.
Preloading 0 native plugins for Editor in 0.00 ms.
Unloading 1403 Unused Serialized files (Serialized files now loaded: 0)
System memory in use before: 157.4 MB.
System memory in use after: 157.5 MB.

Unloading 24 unused Assets to reduce memory usage. Loaded Objects now: 1903.
Total: 1.152084 ms (FindLiveObjects: 0.118250 ms CreateObjectMapping: 0.029375 ms MarkObjects: 0.987500 ms  DeleteObjects: 0.016042 ms)

========================================================================
Received Prepare
Registering precompiled user dll's ...
Registered in 0.000576 seconds.
Begin MonoManager ReloadAssembly
Native extension for OSXStandalone target not found
Refreshing native plugins compatible for Editor in 0.34 ms, found 1 plugins.
Preloading 0 native plugins for Editor in 0.00 ms.
Mono: successfully reloaded assembly
- Completed reload, in  1.519 seconds
Platform modules already initialized, skipping
Refreshing native plugins compatible for Editor in 0.33 ms, found 1 plugins.
Preloading 0 native plugins for Editor in 0.00 ms.
Unloading 1403 Unused Serialized files (Serialized files now loaded: 0)
System memory in use before: 157.6 MB.
System memory in use after: 157.7 MB.

Unloading 24 unused Assets to reduce memory usage. Loaded Objects now: 1906.
Total: 1.233417 ms (FindLiveObjects: 0.169292 ms CreateObjectMapping: 0.029042 ms MarkObjects: 1.017166 ms  DeleteObjects: 0.017000 ms)

========================================================================
Received Prepare
Registering precompiled user dll's ...
Registered in 0.000516 seconds.
Begin MonoManager ReloadAssembly
Native extension for OSXStandalone target not found
Refreshing native plugins compatible for Editor in 0.34 ms, found 1 plugins.
Preloading 0 native plugins for Editor in 0.00 ms.
Mono: successfully reloaded assembly
- Completed reload, in  1.478 seconds
Platform modules already initialized, skipping
Refreshing native plugins compatible for Editor in 0.34 ms, found 1 plugins.
Preloading 0 native plugins for Editor in 0.00 ms.
Unloading 1403 Unused Serialized files (Serialized files now loaded: 0)
System memory in use before: 157.8 MB.
System memory in use after: 157.9 MB.

Unloading 24 unused Assets to reduce memory usage. Loaded Objects now: 1909.
Total: 1.163125 ms (FindLiveObjects: 0.119334 ms CreateObjectMapping: 0.028625 ms MarkObjects: 1.000458 ms  DeleteObjects: 0.013958 ms)

========================================================================
Received Import Request.
  Time since last request: 725.172444 seconds.
  path: Assets/Sardine/Materials/BakedSardine.mat
  artifactKey: Guid(9c40fbd36c3434b2abfffac3dc74c653) Importer(815301076,1909f56bfc062723c751e8b465ee728b)
Start importing Assets/Sardine/Materials/BakedSardine.mat using Guid(9c40fbd36c3434b2abfffac3dc74c653) Importer(815301076,1909f56bfc062723c751e8b465ee728b)  -> (artifact id: 'af2b564083c6007832d37171c99a5867') in 0.148342 seconds
  Import took 0.150990 seconds .

========================================================================
Received Import Request.
  Time since last request: 0.000234 seconds.
  path: Assets/Sardine/Materials/defaultMat.mat
  artifactKey: Guid(4cb1d089157854343a6b13e843ad1eab) Importer(815301076,1909f56bfc062723c751e8b465ee728b)
Start importing Assets/Sardine/Materials/defaultMat.mat using Guid(4cb1d089157854343a6b13e843ad1eab) Importer(815301076,1909f56bfc062723c751e8b465ee728b)  -> (artifact id: '95ed918ff3769d6df08bd2597d2393c1') in 0.012176 seconds
  Import took 0.013859 seconds .

========================================================================
Received Import Request.
  Time since last request: 0.000220 seconds.
  path: Assets/Sardine/Materials/SardineStone.mat
  artifactKey: Guid(643c8aa2af0e34b2c84c7d2dd79814ba) Importer(815301076,1909f56bfc062723c751e8b465ee728b)
Start importing Assets/Sardine/Materials/SardineStone.mat using Guid(643c8aa2af0e34b2c84c7d2dd79814ba) Importer(815301076,1909f56bfc062723c751e8b465ee728b)  -> (artifact id: '1d31e6e59e47d00d238133fe76f2cb79') in 0.286004 seconds
  Import took 0.287728 seconds .

========================================================================
Received Import Request.
  Time since last request: 0.000232 seconds.
  path: Assets/Sardine/Materials/SardineBone.mat
  artifactKey: Guid(6f5a4ba968e584a4283e17469f7871f6) Importer(815301076,1909f56bfc062723c751e8b465ee728b)
Start importing Assets/Sardine/Materials/SardineBone.mat using Guid(6f5a4ba968e584a4283e17469f7871f6) Importer(815301076,1909f56bfc062723c751e8b465ee728b)  -> (artifact id: 'dcc24bb95b17528ad910314b17c2d024') in 0.291169 seconds
  Import took 0.292816 seconds .

========================================================================
Received Import Request.
  Time since last request: 0.000288 seconds.
  path: Assets/Sardine/Materials/sardinetransparent.mat
  artifactKey: Guid(b366156c3cdef488ca295f60bc3ec327) Importer(815301076,1909f56bfc062723c751e8b465ee728b)
Start importing Assets/Sardine/Materials/sardinetransparent.mat using Guid(b366156c3cdef488ca295f60bc3ec327) Importer(815301076,1909f56bfc062723c751e8b465ee728b)  -> (artifact id: 'd8ab59d05f42cfc2e410265e7cb1dd0b') in 0.006347 seconds
  Import took 0.008074 seconds .

========================================================================
Received Import Request.
  Time since last request: 0.000206 seconds.
  path: Assets/Sardine/Materials/BlueSardine.mat
  artifactKey: Guid(4cf089456002947f5a69b1a5967819c1) Importer(815301076,1909f56bfc062723c751e8b465ee728b)
Start importing Assets/Sardine/Materials/BlueSardine.mat using Guid(4cf089456002947f5a69b1a5967819c1) Importer(815301076,1909f56bfc062723c751e8b465ee728b)  -> (artifact id: '15d48432463123c9f435acc81458fec1') in 0.007964 seconds
  Import took 0.009928 seconds .

========================================================================
Received Import Request.
  Time since last request: 0.000280 seconds.
  path: Assets/Sardine/Materials/zaru.mat
  artifactKey: Guid(cb8d3dd0053de44438ce3c5ea4a22f00) Importer(815301076,1909f56bfc062723c751e8b465ee728b)
Start importing Assets/Sardine/Materials/zaru.mat using Guid(cb8d3dd0053de44438ce3c5ea4a22f00) Importer(815301076,1909f56bfc062723c751e8b465ee728b)  -> (artifact id: '64ea38602f3c5bf8382db12b776a1adc') in 0.273872 seconds
  Import took 0.275708 seconds .

========================================================================
Received Import Request.
  Time since last request: 9.373276 seconds.
  path: Assets/Prefabs/Boid.prefab
  artifactKey: Guid(a68eabc10bd1b4dcaa03efa0e2052ddb) Importer(815301076,1909f56bfc062723c751e8b465ee728b)
Start importing Assets/Prefabs/Boid.prefab using Guid(a68eabc10bd1b4dcaa03efa0e2052ddb) Importer(815301076,1909f56bfc062723c751e8b465ee728b)  -> (artifact id: '6a6b1e682a3939c98044aaf0fc898b20') in 0.048439 seconds
  Import took 0.051238 seconds .

========================================================================
Received Import Request.
  Time since last request: 0.000267 seconds.
  path: Assets/Prefabs/SardineSkinWithDemoScript.prefab
  artifactKey: Guid(a6cdd7331e4464753903b4469aed8062) Importer(815301076,1909f56bfc062723c751e8b465ee728b)
Start importing Assets/Prefabs/SardineSkinWithDemoScript.prefab using Guid(a6cdd7331e4464753903b4469aed8062) Importer(815301076,1909f56bfc062723c751e8b465ee728b)  -> (artifact id: '4cf9b2237fda03e22ca6261db991a56a') in 0.022506 seconds
  Import took 0.024814 seconds .

========================================================================
Received Import Request.
  Time since last request: 0.003948 seconds.
  path: Assets/Prefabs/SardineSkinWithDemoScript.prefab
  artifactKey: Guid(a6cdd7331e4464753903b4469aed8062) Importer(815301076,1909f56bfc062723c751e8b465ee728b)
Start importing Assets/Prefabs/SardineSkinWithDemoScript.prefab using Guid(a6cdd7331e4464753903b4469aed8062) Importer(815301076,1909f56bfc062723c751e8b465ee728b)  -> (artifact id: '4cf9b2237fda03e22ca6261db991a56a') in 0.012147 seconds
  Import took 0.014499 seconds .

========================================================================
Received Prepare
Registering precompiled user dll's ...
Registered in 0.001170 seconds.
Begin MonoManager ReloadAssembly
Native extension for OSXStandalone target not found
Refreshing native plugins compatible for Editor in 0.34 ms, found 1 plugins.
Preloading 0 native plugins for Editor in 0.00 ms.
Mono: successfully reloaded assembly
- Completed reload, in  1.468 seconds
Platform modules already initialized, skipping
Refreshing native plugins compatible for Editor in 0.33 ms, found 1 plugins.
Preloading 0 native plugins for Editor in 0.00 ms.
Unloading 1403 Unused Serialized files (Serialized files now loaded: 0)
System memory in use before: 158.5 MB.
System memory in use after: 158.6 MB.

Unloading 24 unused Assets to reduce memory usage. Loaded Objects now: 1913.
Total: 1.350625 ms (FindLiveObjects: 0.210375 ms CreateObjectMapping: 0.031542 ms MarkObjects: 1.087500 ms  DeleteObjects: 0.020334 ms)

========================================================================
Received Prepare
Registering precompiled user dll's ...
Registered in 0.000550 seconds.
Begin MonoManager ReloadAssembly
Native extension for OSXStandalone target not found
Refreshing native plugins compatible for Editor in 0.35 ms, found 1 plugins.
Preloading 0 native plugins for Editor in 0.00 ms.
Mono: successfully reloaded assembly
- Completed reload, in  1.491 seconds
Platform modules already initialized, skipping
Refreshing native plugins compatible for Editor in 0.31 ms, found 1 plugins.
Preloading 0 native plugins for Editor in 0.00 ms.
Unloading 1403 Unused Serialized files (Serialized files now loaded: 0)
System memory in use before: 158.7 MB.
System memory in use after: 158.8 MB.

Unloading 24 unused Assets to reduce memory usage. Loaded Objects now: 1916.
Total: 1.144083 ms (FindLiveObjects: 0.103209 ms CreateObjectMapping: 0.027792 ms MarkObjects: 0.998333 ms  DeleteObjects: 0.013833 ms)

========================================================================
Received Prepare
Registering precompiled user dll's ...
Registered in 0.001443 seconds.
Begin MonoManager ReloadAssembly
Native extension for OSXStandalone target not found
Refreshing native plugins compatible for Editor in 0.34 ms, found 1 plugins.
Preloading 0 native plugins for Editor in 0.00 ms.
Mono: successfully reloaded assembly
- Completed reload, in  1.459 seconds
Platform modules already initialized, skipping
Refreshing native plugins compatible for Editor in 0.30 ms, found 1 plugins.
Preloading 0 native plugins for Editor in 0.00 ms.
Unloading 1403 Unused Serialized files (Serialized files now loaded: 0)
System memory in use before: 158.9 MB.
System memory in use after: 159.0 MB.

Unloading 24 unused Assets to reduce memory usage. Loaded Objects now: 1919.
Total: 1.083333 ms (FindLiveObjects: 0.097292 ms CreateObjectMapping: 0.028167 ms MarkObjects: 0.944583 ms  DeleteObjects: 0.012583 ms)

========================================================================
Received Prepare
Registering precompiled user dll's ...
Registered in 0.000577 seconds.
Begin MonoManager ReloadAssembly
Native extension for OSXStandalone target not found
Refreshing native plugins compatible for Editor in 0.35 ms, found 1 plugins.
Preloading 0 native plugins for Editor in 0.00 ms.
Mono: successfully reloaded assembly
- Completed reload, in  1.486 seconds
Platform modules already initialized, skipping
Refreshing native plugins compatible for Editor in 0.34 ms, found 1 plugins.
Preloading 0 native plugins for Editor in 0.00 ms.
Unloading 1403 Unused Serialized files (Serialized files now loaded: 0)
System memory in use before: 159.1 MB.
System memory in use after: 159.2 MB.

Unloading 24 unused Assets to reduce memory usage. Loaded Objects now: 1922.
Total: 1.167083 ms (FindLiveObjects: 0.108792 ms CreateObjectMapping: 0.029000 ms MarkObjects: 1.013833 ms  DeleteObjects: 0.014625 ms)

========================================================================
Received Prepare
Registering precompiled user dll's ...
Registered in 0.000600 seconds.
Begin MonoManager ReloadAssembly
Native extension for OSXStandalone target not found
Refreshing native plugins compatible for Editor in 0.35 ms, found 1 plugins.
Preloading 0 native plugins for Editor in 0.00 ms.
Mono: successfully reloaded assembly
- Completed reload, in  1.546 seconds
Platform modules already initialized, skipping
Refreshing native plugins compatible for Editor in 0.33 ms, found 1 plugins.
Preloading 0 native plugins for Editor in 0.00 ms.
Unloading 1403 Unused Serialized files (Serialized files now loaded: 0)
System memory in use before: 159.3 MB.
System memory in use after: 159.4 MB.

Unloading 24 unused Assets to reduce memory usage. Loaded Objects now: 1925.
Total: 1.408834 ms (FindLiveObjects: 0.145209 ms CreateObjectMapping: 0.028166 ms MarkObjects: 1.216458 ms  DeleteObjects: 0.018334 ms)

========================================================================
Received Prepare
Registering precompiled user dll's ...
Registered in 0.000572 seconds.
Begin MonoManager ReloadAssembly
Native extension for OSXStandalone target not found
Refreshing native plugins compatible for Editor in 0.35 ms, found 1 plugins.
Preloading 0 native plugins for Editor in 0.00 ms.
Mono: successfully reloaded assembly
- Completed reload, in  1.492 seconds
Platform modules already initialized, skipping
Refreshing native plugins compatible for Editor in 0.32 ms, found 1 plugins.
Preloading 0 native plugins for Editor in 0.00 ms.
Unloading 1403 Unused Serialized files (Serialized files now loaded: 0)
System memory in use before: 159.5 MB.
System memory in use after: 159.6 MB.

Unloading 24 unused Assets to reduce memory usage. Loaded Objects now: 1928.
Total: 1.191125 ms (FindLiveObjects: 0.113667 ms CreateObjectMapping: 0.029000 ms MarkObjects: 1.032291 ms  DeleteObjects: 0.015167 ms)

========================================================================
Received Prepare
Registering precompiled user dll's ...
Registered in 0.001666 seconds.
Begin MonoManager ReloadAssembly
Native extension for OSXStandalone target not found
Refreshing native plugins compatible for Editor in 0.38 ms, found 1 plugins.
Preloading 0 native plugins for Editor in 0.00 ms.
Mono: successfully reloaded assembly
- Completed reload, in  1.474 seconds
Platform modules already initialized, skipping
Refreshing native plugins compatible for Editor in 0.33 ms, found 1 plugins.
Preloading 0 native plugins for Editor in 0.00 ms.
Unloading 1403 Unused Serialized files (Serialized files now loaded: 0)
System memory in use before: 159.7 MB.
System memory in use after: 159.8 MB.

Unloading 24 unused Assets to reduce memory usage. Loaded Objects now: 1931.
Total: 1.122000 ms (FindLiveObjects: 0.095334 ms CreateObjectMapping: 0.028458 ms MarkObjects: 0.981417 ms  DeleteObjects: 0.016166 ms)

========================================================================
Received Prepare
Registering precompiled user dll's ...
Registered in 0.000561 seconds.
Begin MonoManager ReloadAssembly
Native extension for OSXStandalone target not found
Refreshing native plugins compatible for Editor in 0.38 ms, found 1 plugins.
Preloading 0 native plugins for Editor in 0.00 ms.
Mono: successfully reloaded assembly
- Completed reload, in  1.505 seconds
Platform modules already initialized, skipping
Refreshing native plugins compatible for Editor in 0.34 ms, found 1 plugins.
Preloading 0 native plugins for Editor in 0.00 ms.
Unloading 1403 Unused Serialized files (Serialized files now loaded: 0)
System memory in use before: 159.9 MB.
System memory in use after: 160.0 MB.

Unloading 24 unused Assets to reduce memory usage. Loaded Objects now: 1934.
Total: 1.171667 ms (FindLiveObjects: 0.111834 ms CreateObjectMapping: 0.029084 ms MarkObjects: 1.014583 ms  DeleteObjects: 0.015292 ms)

========================================================================
Received Prepare
Registering precompiled user dll's ...
Registered in 0.000569 seconds.
Begin MonoManager ReloadAssembly
Native extension for OSXStandalone target not found
Refreshing native plugins compatible for Editor in 0.39 ms, found 1 plugins.
Preloading 0 native plugins for Editor in 0.00 ms.
Mono: successfully reloaded assembly
- Completed reload, in  1.549 seconds
Platform modules already initialized, skipping
Refreshing native plugins compatible for Editor in 0.34 ms, found 1 plugins.
Preloading 0 native plugins for Editor in 0.00 ms.
Unloading 1403 Unused Serialized files (Serialized files now loaded: 0)
System memory in use before: 160.1 MB.
System memory in use after: 160.2 MB.

Unloading 24 unused Assets to reduce memory usage. Loaded Objects now: 1937.
Total: 1.174042 ms (FindLiveObjects: 0.108750 ms CreateObjectMapping: 0.029250 ms MarkObjects: 1.017208 ms  DeleteObjects: 0.017833 ms)

========================================================================
Received Prepare
Registering precompiled user dll's ...
Registered in 0.000646 seconds.
Begin MonoManager ReloadAssembly
Native extension for OSXStandalone target not found
Refreshing native plugins compatible for Editor in 0.52 ms, found 1 plugins.
Preloading 0 native plugins for Editor in 0.00 ms.
Mono: successfully reloaded assembly
- Completed reload, in  1.653 seconds
Platform modules already initialized, skipping
Refreshing native plugins compatible for Editor in 0.47 ms, found 1 plugins.
Preloading 0 native plugins for Editor in 0.00 ms.
Unloading 1403 Unused Serialized files (Serialized files now loaded: 0)
System memory in use before: 160.4 MB.
System memory in use after: 160.5 MB.

Unloading 24 unused Assets to reduce memory usage. Loaded Objects now: 1940.
Total: 1.589916 ms (FindLiveObjects: 0.245625 ms CreateObjectMapping: 0.035958 ms MarkObjects: 1.274917 ms  DeleteObjects: 0.032541 ms)

========================================================================
Received Import Request.
  Time since last request: 3112.617361 seconds.
  path: Assets/Sardine/Materials/BakedSardine.mat
  artifactKey: Guid(9c40fbd36c3434b2abfffac3dc74c653) Importer(815301076,1909f56bfc062723c751e8b465ee728b)
Start importing Assets/Sardine/Materials/BakedSardine.mat using Guid(9c40fbd36c3434b2abfffac3dc74c653) Importer(815301076,1909f56bfc062723c751e8b465ee728b)  -> (artifact id: 'cff7e84e3e1808b0d715cea19dd9d108') in 0.200911 seconds
  Import took 0.203103 seconds .

========================================================================
Received Import Request.
  Time since last request: 0.000259 seconds.
  path: Assets/Sardine/Materials/BlueSardine.mat
  artifactKey: Guid(4cf089456002947f5a69b1a5967819c1) Importer(815301076,1909f56bfc062723c751e8b465ee728b)
Start importing Assets/Sardine/Materials/BlueSardine.mat using Guid(4cf089456002947f5a69b1a5967819c1) Importer(815301076,1909f56bfc062723c751e8b465ee728b)  -> (artifact id: 'cdfe803c3b4781b8fdf9b4295c5931cb') in 0.016836 seconds
  Import took 0.018710 seconds .

========================================================================
Received Prepare
Registering precompiled user dll's ...
Registered in 0.000558 seconds.
Begin MonoManager ReloadAssembly
Native extension for OSXStandalone target not found
Refreshing native plugins compatible for Editor in 0.46 ms, found 1 plugins.
Preloading 0 native plugins for Editor in 0.00 ms.
Mono: successfully reloaded assembly
- Completed reload, in  1.610 seconds
Platform modules already initialized, skipping
Refreshing native plugins compatible for Editor in 0.37 ms, found 1 plugins.
Preloading 0 native plugins for Editor in 0.00 ms.
Unloading 1403 Unused Serialized files (Serialized files now loaded: 0)
System memory in use before: 160.8 MB.
System memory in use after: 160.9 MB.

Unloading 24 unused Assets to reduce memory usage. Loaded Objects now: 1944.
Total: 1.522000 ms (FindLiveObjects: 0.304916 ms CreateObjectMapping: 0.049250 ms MarkObjects: 1.138208 ms  DeleteObjects: 0.028125 ms)

========================================================================
Received Prepare
Registering precompiled user dll's ...
Registered in 0.000807 seconds.
Begin MonoManager ReloadAssembly
Native extension for OSXStandalone target not found
Refreshing native plugins compatible for Editor in 0.33 ms, found 1 plugins.
Preloading 0 native plugins for Editor in 0.00 ms.
Mono: successfully reloaded assembly
- Completed reload, in  1.475 seconds
Platform modules already initialized, skipping
Refreshing native plugins compatible for Editor in 0.38 ms, found 1 plugins.
Preloading 0 native plugins for Editor in 0.00 ms.
Unloading 1403 Unused Serialized files (Serialized files now loaded: 0)
System memory in use before: 161.0 MB.
System memory in use after: 161.1 MB.

Unloading 24 unused Assets to reduce memory usage. Loaded Objects now: 1947.
Total: 1.125250 ms (FindLiveObjects: 0.126416 ms CreateObjectMapping: 0.028542 ms MarkObjects: 0.955291 ms  DeleteObjects: 0.014125 ms)

========================================================================
Received Prepare
Registering precompiled user dll's ...
Registered in 0.000591 seconds.
Begin MonoManager ReloadAssembly
Native extension for OSXStandalone target not found
Refreshing native plugins compatible for Editor in 0.34 ms, found 1 plugins.
Preloading 0 native plugins for Editor in 0.00 ms.
Mono: successfully reloaded assembly
- Completed reload, in  1.479 seconds
Platform modules already initialized, skipping
Refreshing native plugins compatible for Editor in 0.35 ms, found 1 plugins.
Preloading 0 native plugins for Editor in 0.00 ms.
Unloading 1403 Unused Serialized files (Serialized files now loaded: 0)
System memory in use before: 161.2 MB.
System memory in use after: 161.3 MB.

Unloading 24 unused Assets to reduce memory usage. Loaded Objects now: 1950.
Total: 1.200708 ms (FindLiveObjects: 0.152250 ms CreateObjectMapping: 0.029708 ms MarkObjects: 0.997875 ms  DeleteObjects: 0.017958 ms)

========================================================================
Received Prepare
Registering precompiled user dll's ...
Registered in 0.001613 seconds.
Begin MonoManager ReloadAssembly
Native extension for OSXStandalone target not found
Refreshing native plugins compatible for Editor in 0.57 ms, found 1 plugins.
Preloading 0 native plugins for Editor in 0.00 ms.
Mono: successfully reloaded assembly
- Completed reload, in  1.622 seconds
Platform modules already initialized, skipping
Refreshing native plugins compatible for Editor in 0.45 ms, found 1 plugins.
Preloading 0 native plugins for Editor in 0.00 ms.
Unloading 1403 Unused Serialized files (Serialized files now loaded: 0)
System memory in use before: 161.4 MB.
System memory in use after: 161.5 MB.

Unloading 24 unused Assets to reduce memory usage. Loaded Objects now: 1953.
Total: 1.172583 ms (FindLiveObjects: 0.134666 ms CreateObjectMapping: 0.030084 ms MarkObjects: 0.991084 ms  DeleteObjects: 0.015750 ms)

========================================================================
Received Prepare
Registering precompiled user dll's ...
Registered in 0.001589 seconds.
Begin MonoManager ReloadAssembly
Native extension for OSXStandalone target not found
Refreshing native plugins compatible for Editor in 0.42 ms, found 1 plugins.
Preloading 0 native plugins for Editor in 0.00 ms.
Mono: successfully reloaded assembly
- Completed reload, in  1.521 seconds
Platform modules already initialized, skipping
Refreshing native plugins compatible for Editor in 0.40 ms, found 1 plugins.
Preloading 0 native plugins for Editor in 0.00 ms.
Unloading 1403 Unused Serialized files (Serialized files now loaded: 0)
System memory in use before: 161.6 MB.
System memory in use after: 161.7 MB.

Unloading 24 unused Assets to reduce memory usage. Loaded Objects now: 1956.
Total: 1.148125 ms (FindLiveObjects: 0.110792 ms CreateObjectMapping: 0.028417 ms MarkObjects: 0.989708 ms  DeleteObjects: 0.018417 ms)

========================================================================
Received Prepare
Registering precompiled user dll's ...
Registered in 0.000708 seconds.
Begin MonoManager ReloadAssembly
Native extension for OSXStandalone target not found
Refreshing native plugins compatible for Editor in 0.34 ms, found 1 plugins.
Preloading 0 native plugins for Editor in 0.00 ms.
Mono: successfully reloaded assembly
- Completed reload, in  1.511 seconds
Platform modules already initialized, skipping
Refreshing native plugins compatible for Editor in 0.35 ms, found 1 plugins.
Preloading 0 native plugins for Editor in 0.00 ms.
Unloading 1403 Unused Serialized files (Serialized files now loaded: 0)
System memory in use before: 161.8 MB.
System memory in use after: 161.9 MB.

Unloading 24 unused Assets to reduce memory usage. Loaded Objects now: 1959.
Total: 1.163125 ms (FindLiveObjects: 0.146833 ms CreateObjectMapping: 0.028084 ms MarkObjects: 0.972625 ms  DeleteObjects: 0.014625 ms)

========================================================================
Received Prepare
Registering precompiled user dll's ...
Registered in 0.003047 seconds.
Begin MonoManager ReloadAssembly
Native extension for OSXStandalone target not found
Refreshing native plugins compatible for Editor in 0.34 ms, found 1 plugins.
Preloading 0 native plugins for Editor in 0.00 ms.
Mono: successfully reloaded assembly
- Completed reload, in  1.692 seconds
Platform modules already initialized, skipping
Refreshing native plugins compatible for Editor in 0.34 ms, found 1 plugins.
Preloading 0 native plugins for Editor in 0.00 ms.
Unloading 1403 Unused Serialized files (Serialized files now loaded: 0)
System memory in use before: 162.0 MB.
System memory in use after: 162.1 MB.

Unloading 24 unused Assets to reduce memory usage. Loaded Objects now: 1962.
Total: 1.232625 ms (FindLiveObjects: 0.132541 ms CreateObjectMapping: 0.029417 ms MarkObjects: 1.052750 ms  DeleteObjects: 0.016916 ms)

========================================================================
Received Import Request.
  Time since last request: 3727.692974 seconds.
  path: Assets/Materials/Red.mat
  artifactKey: Guid(23f096854de6945adbbe9ce9eb225bf1) Importer(815301076,1909f56bfc062723c751e8b465ee728b)
Start importing Assets/Materials/Red.mat using Guid(23f096854de6945adbbe9ce9eb225bf1) Importer(815301076,1909f56bfc062723c751e8b465ee728b)  -> (artifact id: 'e6eee84828b0906b7762f478182e3fe7') in 0.180937 seconds
  Import took 0.183373 seconds .

========================================================================
Received Import Request.
  Time since last request: 22.245737 seconds.
  path: Assets/Rock Package/Prefabs
  artifactKey: Guid(feeb8f5983993ac4c9b25cf62d82db8c) Importer(815301076,1909f56bfc062723c751e8b465ee728b)
Start importing Assets/Rock Package/Prefabs using Guid(feeb8f5983993ac4c9b25cf62d82db8c) Importer(815301076,1909f56bfc062723c751e8b465ee728b)  -> (artifact id: 'f8f48cf55ddcf442926bb655218f53e5') in 0.000644 seconds
  Import took 0.002585 seconds .

========================================================================
Received Import Request.
  Time since last request: 0.000329 seconds.
  path: Assets/Rock Package/Prefabs
  artifactKey: Guid(feeb8f5983993ac4c9b25cf62d82db8c) Importer(815301076,1909f56bfc062723c751e8b465ee728b)
Start importing Assets/Rock Package/Prefabs using Guid(feeb8f5983993ac4c9b25cf62d82db8c) Importer(815301076,1909f56bfc062723c751e8b465ee728b)  -> (artifact id: 'f8f48cf55ddcf442926bb655218f53e5') in 0.000478 seconds
  Import took 0.001755 seconds .

========================================================================
Received Import Request.
  Time since last request: 0.968904 seconds.
  path: Assets/Rock Package/Scene
  artifactKey: Guid(0fe9f29fd9ddef94e8fc66f0c926dfa8) Importer(815301076,1909f56bfc062723c751e8b465ee728b)
Start importing Assets/Rock Package/Scene using Guid(0fe9f29fd9ddef94e8fc66f0c926dfa8) Importer(815301076,1909f56bfc062723c751e8b465ee728b)  -> (artifact id: '779c9b3cc70696455c309ec151b05be1') in 0.002805 seconds
  Import took 0.006420 seconds .

========================================================================
Received Import Request.
  Time since last request: 2.905876 seconds.
  path: Assets/Rock Package/Scene/Rock map.unity
  artifactKey: Guid(7a4165c18b581c845aba6899aa0cccb0) Importer(815301076,1909f56bfc062723c751e8b465ee728b)
Start importing Assets/Rock Package/Scene/Rock map.unity using Guid(7a4165c18b581c845aba6899aa0cccb0) Importer(815301076,1909f56bfc062723c751e8b465ee728b)  -> (artifact id: '75cce4e95cddb250ac19e6d88a0b5d0c') in 0.002266 seconds
  Import took 0.005765 seconds .

========================================================================
Received Import Request.
  Time since last request: 1.082824 seconds.
  path: Assets/Rock Package/Scene/Rock mapSettings.lighting
  artifactKey: Guid(0ac7c6ebf374443df88606e94d658b5c) Importer(815301076,1909f56bfc062723c751e8b465ee728b)
Start importing Assets/Rock Package/Scene/Rock mapSettings.lighting using Guid(0ac7c6ebf374443df88606e94d658b5c) Importer(815301076,1909f56bfc062723c751e8b465ee728b) LightingSettings: switching bake backend from 1 to 0.
 -> (artifact id: 'df2e2281b33a2e8abcb90ca544342c66') in 0.118052 seconds
  Import took 0.120508 seconds .

========================================================================
Received Import Request.
  Time since last request: 6.640626 seconds.
  path: Assets/Rock Package/Mesh/Rock_01.FBX
  artifactKey: Guid(f5df519d22979c248a77eadf5651b327) Importer(815301076,1909f56bfc062723c751e8b465ee728b)
Start importing Assets/Rock Package/Mesh/Rock_01.FBX using Guid(f5df519d22979c248a77eadf5651b327) Importer(815301076,1909f56bfc062723c751e8b465ee728b)  -> (artifact id: 'cf7340982f9878a4af845a801bc91d29') in 0.398486 seconds
  Import took 0.402328 seconds .

========================================================================
Received Import Request.
  Time since last request: 0.000243 seconds.
  path: Assets/Rock Package/Mesh/Rock_06.FBX
  artifactKey: Guid(476d7e24f53ccf641805646d05f61bde) Importer(815301076,1909f56bfc062723c751e8b465ee728b)
Start importing Assets/Rock Package/Mesh/Rock_06.FBX using Guid(476d7e24f53ccf641805646d05f61bde) Importer(815301076,1909f56bfc062723c751e8b465ee728b)  -> (artifact id: 'e85a1cf292b44f610e43eb2df4f9872a') in 0.041813 seconds
  Import took 0.043506 seconds .

========================================================================
Received Import Request.
  Time since last request: 0.000256 seconds.
  path: Assets/Rock Package/Mesh/Rock_04.FBX
  artifactKey: Guid(6013a9231cbf28447817bbf406307ad6) Importer(815301076,1909f56bfc062723c751e8b465ee728b)
Start importing Assets/Rock Package/Mesh/Rock_04.FBX using Guid(6013a9231cbf28447817bbf406307ad6) Importer(815301076,1909f56bfc062723c751e8b465ee728b)  -> (artifact id: 'bbae5bec32351c99ba98abf0be0ffe63') in 0.041252 seconds
  Import took 0.043052 seconds .

========================================================================
Received Import Request.
  Time since last request: 0.000235 seconds.
  path: Assets/Rock Package/Mesh/Rock_05.FBX
  artifactKey: Guid(d27239c9a7de0f243876d949bb27027b) Importer(815301076,1909f56bfc062723c751e8b465ee728b)
Start importing Assets/Rock Package/Mesh/Rock_05.FBX using Guid(d27239c9a7de0f243876d949bb27027b) Importer(815301076,1909f56bfc062723c751e8b465ee728b)  -> (artifact id: 'b054b1ddf71322c9ef822c8c3c4b3014') in 0.041282 seconds
  Import took 0.043020 seconds .

========================================================================
Received Import Request.
  Time since last request: 0.000352 seconds.
  path: Assets/Rock Package/Mesh/Rock_03.FBX
  artifactKey: Guid(48320e7576ce0664eb501ebbd6c815da) Importer(815301076,1909f56bfc062723c751e8b465ee728b)
Start importing Assets/Rock Package/Mesh/Rock_03.FBX using Guid(48320e7576ce0664eb501ebbd6c815da) Importer(815301076,1909f56bfc062723c751e8b465ee728b)  -> (artifact id: 'bb92e7a975addca76b6f5c2a03d07c58') in 0.036996 seconds
  Import took 0.038868 seconds .

========================================================================
Received Import Request.
  Time since last request: 0.000188 seconds.
  path: Assets/Rock Package/Mesh/Rock_02.FBX
  artifactKey: Guid(05e04fedc78047c48af519e94c595e13) Importer(815301076,1909f56bfc062723c751e8b465ee728b)
Start importing Assets/Rock Package/Mesh/Rock_02.FBX using Guid(05e04fedc78047c48af519e94c595e13) Importer(815301076,1909f56bfc062723c751e8b465ee728b)  -> (artifact id: 'dd183af672eb5928427c60c7e9c57e86') in 0.031903 seconds
  Import took 0.033594 seconds .

========================================================================
Received Import Request.
  Time since last request: 2.916033 seconds.
  path: Assets/Rock Package/Prefabs/Rock_01.prefab
  artifactKey: Guid(30b99e7dc1382e346a7f9789de00de5e) Importer(815301076,1909f56bfc062723c751e8b465ee728b)
Start importing Assets/Rock Package/Prefabs/Rock_01.prefab using Guid(30b99e7dc1382e346a7f9789de00de5e) Importer(815301076,1909f56bfc062723c751e8b465ee728b)  -> (artifact id: 'da90ae5cc1084732e9384bdc3dd44a58') in 0.023889 seconds
  Import took 0.027099 seconds .

========================================================================
Received Import Request.
  Time since last request: 0.000264 seconds.
  path: Assets/Rock Package/Prefabs/Rock_05.prefab
  artifactKey: Guid(5d10ae558efe6a64d96e5b4d02ec6792) Importer(815301076,1909f56bfc062723c751e8b465ee728b)
Start importing Assets/Rock Package/Prefabs/Rock_05.prefab using Guid(5d10ae558efe6a64d96e5b4d02ec6792) Importer(815301076,1909f56bfc062723c751e8b465ee728b)  -> (artifact id: '0ca01f42ced972c68bcfb785bc8e4fc4') in 0.014524 seconds
  Import took 0.016445 seconds .

========================================================================
Received Import Request.
  Time since last request: 0.000205 seconds.
  path: Assets/Rock Package/Prefabs/Rock_06.prefab
  artifactKey: Guid(a649302f8407dd9469e2c5b67b4a0674) Importer(815301076,1909f56bfc062723c751e8b465ee728b)
Start importing Assets/Rock Package/Prefabs/Rock_06.prefab using Guid(a649302f8407dd9469e2c5b67b4a0674) Importer(815301076,1909f56bfc062723c751e8b465ee728b)  -> (artifact id: 'adbd278389cf78e7d456723d01579ed8') in 0.012984 seconds
  Import took 0.015201 seconds .

========================================================================
Received Import Request.
  Time since last request: 0.000370 seconds.
  path: Assets/Rock Package/Prefabs/Rock_04.prefab
  artifactKey: Guid(f94554303b4f7094ea5e12fe79985529) Importer(815301076,1909f56bfc062723c751e8b465ee728b)
Start importing Assets/Rock Package/Prefabs/Rock_04.prefab using Guid(f94554303b4f7094ea5e12fe79985529) Importer(815301076,1909f56bfc062723c751e8b465ee728b)  -> (artifact id: '380c4705b15a414b68c7e86a722d7786') in 0.017771 seconds
  Import took 0.019733 seconds .

========================================================================
Received Import Request.
  Time since last request: 0.000253 seconds.
  path: Assets/Rock Package/Prefabs/Rock_03.prefab
  artifactKey: Guid(75fa8bf3a73ee6b4da0c7a2c6d3db6a1) Importer(815301076,1909f56bfc062723c751e8b465ee728b)
Start importing Assets/Rock Package/Prefabs/Rock_03.prefab using Guid(75fa8bf3a73ee6b4da0c7a2c6d3db6a1) Importer(815301076,1909f56bfc062723c751e8b465ee728b)  -> (artifact id: '13709cdabf4fc75000224bb083a26f80') in 0.012392 seconds
  Import took 0.014393 seconds .

========================================================================
Received Import Request.
  Time since last request: 0.000298 seconds.
  path: Assets/Rock Package/Prefabs/Rock_02.prefab
  artifactKey: Guid(d7ba4fe833670a140b9b6085652f0e26) Importer(815301076,1909f56bfc062723c751e8b465ee728b)
Start importing Assets/Rock Package/Prefabs/Rock_02.prefab using Guid(d7ba4fe833670a140b9b6085652f0e26) Importer(815301076,1909f56bfc062723c751e8b465ee728b)  -> (artifact id: 'a380459e9d65c76fa05d998f3399cc7b') in 0.013735 seconds
  Import took 0.015457 seconds .

========================================================================
Received Import Request.
  Time since last request: 0.005691 seconds.
  path: Assets/Rock Package/Prefabs/Rock_03.prefab
  artifactKey: Guid(75fa8bf3a73ee6b4da0c7a2c6d3db6a1) Importer(815301076,1909f56bfc062723c751e8b465ee728b)
Start importing Assets/Rock Package/Prefabs/Rock_03.prefab using Guid(75fa8bf3a73ee6b4da0c7a2c6d3db6a1) Importer(815301076,1909f56bfc062723c751e8b465ee728b)  -> (artifact id: '13709cdabf4fc75000224bb083a26f80') in 0.011273 seconds
  Import took 0.013258 seconds .

========================================================================
Received Prepare
Registering precompiled user dll's ...
Registered in 0.000647 seconds.
Begin MonoManager ReloadAssembly
Native extension for OSXStandalone target not found
Refreshing native plugins compatible for Editor in 0.34 ms, found 1 plugins.
Preloading 0 native plugins for Editor in 0.00 ms.
Mono: successfully reloaded assembly
- Completed reload, in  1.487 seconds
Platform modules already initialized, skipping
Refreshing native plugins compatible for Editor in 0.33 ms, found 1 plugins.
Preloading 0 native plugins for Editor in 0.00 ms.
Unloading 1403 Unused Serialized files (Serialized files now loaded: 0)
System memory in use before: 172.2 MB.
System memory in use after: 172.3 MB.

Unloading 24 unused Assets to reduce memory usage. Loaded Objects now: 1972.
Total: 1.208542 ms (FindLiveObjects: 0.102875 ms CreateObjectMapping: 0.027917 ms MarkObjects: 1.063416 ms  DeleteObjects: 0.013500 ms)

========================================================================
Received Prepare
Registering precompiled user dll's ...
Registered in 0.000528 seconds.
Begin MonoManager ReloadAssembly
Native extension for OSXStandalone target not found
Refreshing native plugins compatible for Editor in 0.36 ms, found 1 plugins.
Preloading 0 native plugins for Editor in 0.00 ms.
Mono: successfully reloaded assembly
- Completed reload, in  1.597 seconds
Platform modules already initialized, skipping
Refreshing native plugins compatible for Editor in 0.46 ms, found 1 plugins.
Preloading 0 native plugins for Editor in 0.00 ms.
Unloading 1403 Unused Serialized files (Serialized files now loaded: 0)
System memory in use before: 172.4 MB.
System memory in use after: 172.5 MB.

Unloading 24 unused Assets to reduce memory usage. Loaded Objects now: 1975.
Total: 1.511292 ms (FindLiveObjects: 0.191708 ms CreateObjectMapping: 0.031417 ms MarkObjects: 1.265875 ms  DeleteObjects: 0.021333 ms)

========================================================================
Received Import Request.
  Time since last request: 979.785272 seconds.
  path: Assets/Models/Arch.fbx
  artifactKey: Guid(a3145daed477e4da09aac85761fd1acf) Importer(815301076,1909f56bfc062723c751e8b465ee728b)
Start importing Assets/Models/Arch.fbx using Guid(a3145daed477e4da09aac85761fd1acf) Importer(815301076,1909f56bfc062723c751e8b465ee728b)  -> (artifact id: 'b047bb8cbfd9a46ea0854e9a047b7107') in 0.329231 seconds
  Import took 0.331560 seconds .

========================================================================
Received Import Request.
  Time since last request: 0.000251 seconds.
  path: Assets/Models/ConeBoid.fbx
  artifactKey: Guid(09cea7df0de2f4a8e9685c65efc5715d) Importer(815301076,1909f56bfc062723c751e8b465ee728b)
Start importing Assets/Models/ConeBoid.fbx using Guid(09cea7df0de2f4a8e9685c65efc5715d) Importer(815301076,1909f56bfc062723c751e8b465ee728b)  -> (artifact id: 'd5cee79f9116db6ac02a6bcb05b73643') in 0.014441 seconds
  Import took 0.016247 seconds .

========================================================================
Received Import Request.
  Time since last request: 0.000276 seconds.
  path: Assets/Models/Torus.fbx
  artifactKey: Guid(d17b3200477dc4c2aba443c09c3181d1) Importer(815301076,1909f56bfc062723c751e8b465ee728b)
Start importing Assets/Models/Torus.fbx using Guid(d17b3200477dc4c2aba443c09c3181d1) Importer(815301076,1909f56bfc062723c751e8b465ee728b)  -> (artifact id: '47ca043c15aa35b9650919a681dc6a6b') in 0.021359 seconds
  Import took 0.023325 seconds .

========================================================================
Received Import Request.
  Time since last request: 0.227521 seconds.
  path: Assets/Prefabs/SardineSkinWithDemoScript.prefab
  artifactKey: Guid(a6cdd7331e4464753903b4469aed8062) Importer(815301076,1909f56bfc062723c751e8b465ee728b)
Start importing Assets/Prefabs/SardineSkinWithDemoScript.prefab using Guid(a6cdd7331e4464753903b4469aed8062) Importer(815301076,1909f56bfc062723c751e8b465ee728b)  -> (artifact id: '77ff3cfb060df2e0869dc9f27240d21e') in 0.027842 seconds
  Import took 0.030818 seconds .

========================================================================
Received Prepare
Registering precompiled user dll's ...
Registered in 0.000638 seconds.
Begin MonoManager ReloadAssembly
Native extension for OSXStandalone target not found
Refreshing native plugins compatible for Editor in 0.36 ms, found 1 plugins.
Preloading 0 native plugins for Editor in 0.00 ms.
Mono: successfully reloaded assembly
- Completed reload, in  1.514 seconds
Platform modules already initialized, skipping
Refreshing native plugins compatible for Editor in 0.34 ms, found 1 plugins.
Preloading 0 native plugins for Editor in 0.00 ms.
Unloading 1403 Unused Serialized files (Serialized files now loaded: 0)
System memory in use before: 176.8 MB.
System memory in use after: 177.0 MB.

Unloading 24 unused Assets to reduce memory usage. Loaded Objects now: 1979.
Total: 1.153542 ms (FindLiveObjects: 0.104292 ms CreateObjectMapping: 0.028625 ms MarkObjects: 1.001291 ms  DeleteObjects: 0.018584 ms)

========================================================================
Received Import Request.
  Time since last request: 7.159399 seconds.
  path: Assets/Prefabs/SardineSkinWithDemoScript.prefab
  artifactKey: Guid(a6cdd7331e4464753903b4469aed8062) Importer(815301076,1909f56bfc062723c751e8b465ee728b)
Start importing Assets/Prefabs/SardineSkinWithDemoScript.prefab using Guid(a6cdd7331e4464753903b4469aed8062) Importer(815301076,1909f56bfc062723c751e8b465ee728b)  -> (artifact id: 'e06098e6546224cd2ad3f53da6024f15') in 0.141886 seconds
  Import took 0.144446 seconds .

========================================================================
Received Prepare
Registering precompiled user dll's ...
Registered in 0.000572 seconds.
Begin MonoManager ReloadAssembly
Native extension for OSXStandalone target not found
Refreshing native plugins compatible for Editor in 0.36 ms, found 1 plugins.
Preloading 0 native plugins for Editor in 0.00 ms.
Mono: successfully reloaded assembly
- Completed reload, in  1.663 seconds
Platform modules already initialized, skipping
Refreshing native plugins compatible for Editor in 0.40 ms, found 1 plugins.
Preloading 0 native plugins for Editor in 0.00 ms.
Unloading 1403 Unused Serialized files (Serialized files now loaded: 0)
System memory in use before: 177.1 MB.
System memory in use after: 177.2 MB.

Unloading 24 unused Assets to reduce memory usage. Loaded Objects now: 1983.
Total: 1.459834 ms (FindLiveObjects: 0.117500 ms CreateObjectMapping: 0.028458 ms MarkObjects: 1.293500 ms  DeleteObjects: 0.019417 ms)

========================================================================
Received Import Request.
  Time since last request: 8.638618 seconds.
  path: Assets/Prefabs/SardineSkinWithDemoScript.prefab
  artifactKey: Guid(a6cdd7331e4464753903b4469aed8062) Importer(815301076,1909f56bfc062723c751e8b465ee728b)
Start importing Assets/Prefabs/SardineSkinWithDemoScript.prefab using Guid(a6cdd7331e4464753903b4469aed8062) Importer(815301076,1909f56bfc062723c751e8b465ee728b)  -> (artifact id: '5383b4d8b6f35aa9fabc47da6dd82805') in 0.160157 seconds
  Import took 0.163962 seconds .

========================================================================
Received Prepare
Registering precompiled user dll's ...
Registered in 0.000693 seconds.
Begin MonoManager ReloadAssembly
Native extension for OSXStandalone target not found
Refreshing native plugins compatible for Editor in 0.35 ms, found 1 plugins.
Preloading 0 native plugins for Editor in 0.00 ms.
Mono: successfully reloaded assembly
- Completed reload, in  1.629 seconds
Platform modules already initialized, skipping
Refreshing native plugins compatible for Editor in 0.36 ms, found 1 plugins.
Preloading 0 native plugins for Editor in 0.00 ms.
Unloading 1403 Unused Serialized files (Serialized files now loaded: 0)
System memory in use before: 177.3 MB.
System memory in use after: 177.4 MB.

Unloading 24 unused Assets to reduce memory usage. Loaded Objects now: 1987.
Total: 1.292291 ms (FindLiveObjects: 0.125166 ms CreateObjectMapping: 0.032125 ms MarkObjects: 1.116542 ms  DeleteObjects: 0.017417 ms)

========================================================================
Received Prepare
Registering precompiled user dll's ...
Registered in 0.000629 seconds.
Begin MonoManager ReloadAssembly
Native extension for OSXStandalone target not found
Refreshing native plugins compatible for Editor in 0.37 ms, found 1 plugins.
Preloading 0 native plugins for Editor in 0.00 ms.
Mono: successfully reloaded assembly
- Completed reload, in  1.581 seconds
Platform modules already initialized, skipping
Refreshing native plugins compatible for Editor in 0.37 ms, found 1 plugins.
Preloading 0 native plugins for Editor in 0.00 ms.
Unloading 1403 Unused Serialized files (Serialized files now loaded: 0)
System memory in use before: 177.5 MB.
System memory in use after: 177.6 MB.

Unloading 24 unused Assets to reduce memory usage. Loaded Objects now: 1990.
Total: 1.248750 ms (FindLiveObjects: 0.136167 ms CreateObjectMapping: 0.029250 ms MarkObjects: 1.066834 ms  DeleteObjects: 0.015459 ms)

========================================================================
Received Prepare
Registering precompiled user dll's ...
Registered in 0.001652 seconds.
Begin MonoManager ReloadAssembly
Native extension for OSXStandalone target not found
Refreshing native plugins compatible for Editor in 0.37 ms, found 1 plugins.
Preloading 0 native plugins for Editor in 0.00 ms.
Mono: successfully reloaded assembly
- Completed reload, in  1.612 seconds
Platform modules already initialized, skipping
Refreshing native plugins compatible for Editor in 0.34 ms, found 1 plugins.
Preloading 0 native plugins for Editor in 0.00 ms.
Unloading 1403 Unused Serialized files (Serialized files now loaded: 0)
System memory in use before: 177.7 MB.
System memory in use after: 177.8 MB.

Unloading 24 unused Assets to reduce memory usage. Loaded Objects now: 1993.
Total: 1.283125 ms (FindLiveObjects: 0.122292 ms CreateObjectMapping: 0.032000 ms MarkObjects: 1.111000 ms  DeleteObjects: 0.016875 ms)

========================================================================
Received Prepare
Registering precompiled user dll's ...
Registered in 0.000702 seconds.
Begin MonoManager ReloadAssembly
Native extension for OSXStandalone target not found
Refreshing native plugins compatible for Editor in 0.38 ms, found 1 plugins.
Preloading 0 native plugins for Editor in 0.00 ms.
Mono: successfully reloaded assembly
- Completed reload, in  1.714 seconds
Platform modules already initialized, skipping
Refreshing native plugins compatible for Editor in 0.39 ms, found 1 plugins.
Preloading 0 native plugins for Editor in 0.00 ms.
Unloading 1403 Unused Serialized files (Serialized files now loaded: 0)
System memory in use before: 177.9 MB.
System memory in use after: 178.0 MB.

Unloading 24 unused Assets to reduce memory usage. Loaded Objects now: 1996.
Total: 1.373625 ms (FindLiveObjects: 0.158291 ms CreateObjectMapping: 0.034292 ms MarkObjects: 1.163125 ms  DeleteObjects: 0.016542 ms)

========================================================================
Received Prepare
Registering precompiled user dll's ...
Registered in 0.006386 seconds.
Begin MonoManager ReloadAssembly
Native extension for OSXStandalone target not found
Refreshing native plugins compatible for Editor in 0.36 ms, found 1 plugins.
Preloading 0 native plugins for Editor in 0.00 ms.
Mono: successfully reloaded assembly
- Completed reload, in  1.763 seconds
Platform modules already initialized, skipping
Refreshing native plugins compatible for Editor in 0.34 ms, found 1 plugins.
Preloading 0 native plugins for Editor in 0.00 ms.
Unloading 1403 Unused Serialized files (Serialized files now loaded: 0)
System memory in use before: 178.1 MB.
System memory in use after: 178.3 MB.

Unloading 24 unused Assets to reduce memory usage. Loaded Objects now: 1999.
Total: 1.211792 ms (FindLiveObjects: 0.124042 ms CreateObjectMapping: 0.047958 ms MarkObjects: 1.024083 ms  DeleteObjects: 0.014791 ms)

========================================================================
Received Prepare
Registering precompiled user dll's ...
Registered in 0.000558 seconds.
Begin MonoManager ReloadAssembly
Native extension for OSXStandalone target not found
Refreshing native plugins compatible for Editor in 0.35 ms, found 1 plugins.
Preloading 0 native plugins for Editor in 0.00 ms.
Mono: successfully reloaded assembly
- Completed reload, in  1.474 seconds
Platform modules already initialized, skipping
Refreshing native plugins compatible for Editor in 0.32 ms, found 1 plugins.
Preloading 0 native plugins for Editor in 0.00 ms.
Unloading 1403 Unused Serialized files (Serialized files now loaded: 0)
System memory in use before: 178.3 MB.
System memory in use after: 178.4 MB.

Unloading 24 unused Assets to reduce memory usage. Loaded Objects now: 2002.
Total: 1.151791 ms (FindLiveObjects: 0.100667 ms CreateObjectMapping: 0.028375 ms MarkObjects: 1.008666 ms  DeleteObjects: 0.013125 ms)

========================================================================
Received Prepare
Registering precompiled user dll's ...
Registered in 0.000573 seconds.
Begin MonoManager ReloadAssembly
Native extension for OSXStandalone target not found
Refreshing native plugins compatible for Editor in 0.34 ms, found 1 plugins.
Preloading 0 native plugins for Editor in 0.00 ms.
Mono: successfully reloaded assembly
- Completed reload, in  1.551 seconds
Platform modules already initialized, skipping
Refreshing native plugins compatible for Editor in 0.34 ms, found 1 plugins.
Preloading 0 native plugins for Editor in 0.00 ms.
Unloading 1403 Unused Serialized files (Serialized files now loaded: 0)
System memory in use before: 178.5 MB.
System memory in use after: 178.6 MB.

Unloading 24 unused Assets to reduce memory usage. Loaded Objects now: 2005.
Total: 1.322584 ms (FindLiveObjects: 0.149209 ms CreateObjectMapping: 0.030625 ms MarkObjects: 1.121916 ms  DeleteObjects: 0.019792 ms)

========================================================================
Received Prepare
Registering precompiled user dll's ...
Registered in 0.000667 seconds.
Begin MonoManager ReloadAssembly
Native extension for OSXStandalone target not found
Refreshing native plugins compatible for Editor in 0.35 ms, found 1 plugins.
Preloading 0 native plugins for Editor in 0.00 ms.
Mono: successfully reloaded assembly
- Completed reload, in  1.563 seconds
Platform modules already initialized, skipping
Refreshing native plugins compatible for Editor in 0.34 ms, found 1 plugins.
Preloading 0 native plugins for Editor in 0.00 ms.
Unloading 1403 Unused Serialized files (Serialized files now loaded: 0)
System memory in use before: 178.8 MB.
System memory in use after: 178.9 MB.

Unloading 24 unused Assets to reduce memory usage. Loaded Objects now: 2008.
Total: 2.160250 ms (FindLiveObjects: 0.228625 ms CreateObjectMapping: 0.034500 ms MarkObjects: 1.838292 ms  DeleteObjects: 0.057167 ms)

========================================================================
Received Prepare
Registering precompiled user dll's ...
Registered in 0.001567 seconds.
Begin MonoManager ReloadAssembly
Native extension for OSXStandalone target not found
Refreshing native plugins compatible for Editor in 0.36 ms, found 1 plugins.
Preloading 0 native plugins for Editor in 0.00 ms.
Mono: successfully reloaded assembly
- Completed reload, in  1.640 seconds
Platform modules already initialized, skipping
Refreshing native plugins compatible for Editor in 0.51 ms, found 1 plugins.
Preloading 0 native plugins for Editor in 0.00 ms.
Unloading 1403 Unused Serialized files (Serialized files now loaded: 0)
System memory in use before: 179.3 MB.
System memory in use after: 179.4 MB.

Unloading 24 unused Assets to reduce memory usage. Loaded Objects now: 2011.
Total: 1.319583 ms (FindLiveObjects: 0.179792 ms CreateObjectMapping: 0.029667 ms MarkObjects: 1.080166 ms  DeleteObjects: 0.028958 ms)

========================================================================
Received Import Request.
  Time since last request: 82345.344159 seconds.
  path: Assets/Scripts/BoidCompute.compute
  artifactKey: Guid(c51b961c8b9d746f1a2f242fa7bf1a31) Importer(815301076,1909f56bfc062723c751e8b465ee728b)
Start importing Assets/Scripts/BoidCompute.compute using Guid(c51b961c8b9d746f1a2f242fa7bf1a31) Importer(815301076,1909f56bfc062723c751e8b465ee728b)  -> (artifact id: 'e372c05a203eb5036ec6d1deea1b6aae') in 0.041307 seconds
  Import took 0.049300 seconds .

========================================================================
Received Import Request.
  Time since last request: 8.662194 seconds.
  path: Assets/Scripts/Boid.cs
  artifactKey: Guid(c53657e503d7a4738b0a9fa634fc1b92) Importer(815301076,1909f56bfc062723c751e8b465ee728b)
Start importing Assets/Scripts/Boid.cs using Guid(c53657e503d7a4738b0a9fa634fc1b92) Importer(815301076,1909f56bfc062723c751e8b465ee728b)  -> (artifact id: '37f81d3a299e9a3dd555ad07afc485cd') in 0.004260 seconds
  Import took 0.006216 seconds .

========================================================================
Received Import Request.
  Time since last request: 0.020824 seconds.
  path: Assets/Scripts/Boid.cs
  artifactKey: Guid(c53657e503d7a4738b0a9fa634fc1b92) Importer(815301076,1909f56bfc062723c751e8b465ee728b)
Start importing Assets/Scripts/Boid.cs using Guid(c53657e503d7a4738b0a9fa634fc1b92) Importer(815301076,1909f56bfc062723c751e8b465ee728b)  -> (artifact id: '37f81d3a299e9a3dd555ad07afc485cd') in 0.000956 seconds
  Import took 0.002866 seconds .

========================================================================
Received Prepare
Registering precompiled user dll's ...
Registered in 0.000580 seconds.
Begin MonoManager ReloadAssembly
Native extension for OSXStandalone target not found
Refreshing native plugins compatible for Editor in 0.35 ms, found 1 plugins.
Preloading 0 native plugins for Editor in 0.00 ms.
Mono: successfully reloaded assembly
- Completed reload, in  1.687 seconds
Platform modules already initialized, skipping
Refreshing native plugins compatible for Editor in 0.32 ms, found 1 plugins.
Preloading 0 native plugins for Editor in 0.00 ms.
Unloading 1403 Unused Serialized files (Serialized files now loaded: 0)
System memory in use before: 179.6 MB.
System memory in use after: 179.7 MB.

Unloading 24 unused Assets to reduce memory usage. Loaded Objects now: 2014.
Total: 1.200667 ms (FindLiveObjects: 0.142250 ms CreateObjectMapping: 0.028208 ms MarkObjects: 1.007500 ms  DeleteObjects: 0.021959 ms)

========================================================================
Received Import Request.
  Time since last request: 83.171634 seconds.
  path: Assets/Scripts/Boid.cs
  artifactKey: Guid(c53657e503d7a4738b0a9fa634fc1b92) Importer(815301076,1909f56bfc062723c751e8b465ee728b)
Start importing Assets/Scripts/Boid.cs using Guid(c53657e503d7a4738b0a9fa634fc1b92) Importer(815301076,1909f56bfc062723c751e8b465ee728b)  -> (artifact id: '453f7093fe0f646ddcb79c09ef586807') in 0.004126 seconds
  Import took 0.005997 seconds .

========================================================================
Received Import Request.
  Time since last request: 18.689292 seconds.
  path: Assets/Scripts/BoidHelper.cs
  artifactKey: Guid(f4cfb7c003be34324a48d6b6e6318568) Importer(815301076,1909f56bfc062723c751e8b465ee728b)
Start importing Assets/Scripts/BoidHelper.cs using Guid(f4cfb7c003be34324a48d6b6e6318568) Importer(815301076,1909f56bfc062723c751e8b465ee728b)  -> (artifact id: 'd2c3692ae659dfb61b8da7636662c045') in 0.001141 seconds
  Import took 0.003299 seconds .

========================================================================
Received Import Request.
  Time since last request: 0.007276 seconds.
  path: Assets/Scripts/BoidHelper.cs
  artifactKey: Guid(f4cfb7c003be34324a48d6b6e6318568) Importer(815301076,1909f56bfc062723c751e8b465ee728b)
Start importing Assets/Scripts/BoidHelper.cs using Guid(f4cfb7c003be34324a48d6b6e6318568) Importer(815301076,1909f56bfc062723c751e8b465ee728b)  -> (artifact id: 'd2c3692ae659dfb61b8da7636662c045') in 0.000889 seconds
  Import took 0.002855 seconds .

========================================================================
Received Prepare
Registering precompiled user dll's ...
Registered in 0.000552 seconds.
Begin MonoManager ReloadAssembly
Native extension for OSXStandalone target not found
Refreshing native plugins compatible for Editor in 0.38 ms, found 1 plugins.
Preloading 0 native plugins for Editor in 0.00 ms.
Mono: successfully reloaded assembly
- Completed reload, in  1.627 seconds
Platform modules already initialized, skipping
Refreshing native plugins compatible for Editor in 0.38 ms, found 1 plugins.
Preloading 0 native plugins for Editor in 0.00 ms.
Unloading 1403 Unused Serialized files (Serialized files now loaded: 0)
System memory in use before: 179.8 MB.
System memory in use after: 179.9 MB.

Unloading 24 unused Assets to reduce memory usage. Loaded Objects now: 2017.
Total: 1.152666 ms (FindLiveObjects: 0.143292 ms CreateObjectMapping: 0.030416 ms MarkObjects: 0.964167 ms  DeleteObjects: 0.013959 ms)

========================================================================
Received Import Request.
  Time since last request: 96.119929 seconds.
  path: Assets/Scripts/BoidCompute.compute
  artifactKey: Guid(c51b961c8b9d746f1a2f242fa7bf1a31) Importer(815301076,1909f56bfc062723c751e8b465ee728b)
Start importing Assets/Scripts/BoidCompute.compute using Guid(c51b961c8b9d746f1a2f242fa7bf1a31) Importer(815301076,1909f56bfc062723c751e8b465ee728b)  -> (artifact id: '12bfa5ea68116398a2df57d897023895') in 0.016516 seconds
  Import took 0.018301 seconds .

========================================================================
Received Import Request.
  Time since last request: 0.000255 seconds.
  path: Assets/Scripts/BoidHelper.cs
  artifactKey: Guid(f4cfb7c003be34324a48d6b6e6318568) Importer(815301076,1909f56bfc062723c751e8b465ee728b)
Start importing Assets/Scripts/BoidHelper.cs using Guid(f4cfb7c003be34324a48d6b6e6318568) Importer(815301076,1909f56bfc062723c751e8b465ee728b)  -> (artifact id: 'be527b61f47109daaacbc83ef9d76fca') in 0.000677 seconds
  Import took 0.002281 seconds .

